<?xml version="1.0" encoding="UTF-8"?>
<TestRun id="56ba4be5-9d0d-49e6-8ca2-72c3899d7327" name="user1@IBM-F6410F 2013-03-31 14:24:31" runUser="IBM-F6410F\user1" xmlns="http://microsoft.com/schemas/VisualStudio/TeamTest/2010">
  <TestSettings name="Local" id="b195a5b5-b32f-4cf1-a8eb-b9abeca63056">
    <Description>Il s'agit des paramètres de test par défaut pour une série de tests locale.</Description>
    <Deployment enabled="false" runDeploymentRoot="user1_IBM-F6410F 2013-03-31 14_24_31">
      <DeploymentItem filename="C:\Documents and Settings\user1\Mes documents\Google Drive\Formation\C#__.net -- 819\Projet de session\ATRCommissions 2010\ATRCommissions\bin\Debug\ATRCommissions.exe" />
    </Deployment>
    <Execution>
      <TestTypeSpecific />
      <AgentRule name="Execution Agents">
      </AgentRule>
    </Execution>
  </TestSettings>
  <Times creation="2013-03-31T14:24:31.7475374-04:00" queuing="2013-03-31T14:24:31.8569124-04:00" start="2013-03-31T14:24:31.8881624-04:00" finish="2013-03-31T14:24:33.2787874-04:00" />
  <ResultSummary outcome="Failed">
    <Counters total="7" executed="7" passed="5" error="0" failed="1" timeout="0" aborted="0" inconclusive="1" passedButRunAborted="0" notRunnable="0" notExecuted="0" disconnected="0" warning="0" completed="0" inProgress="0" pending="0" />
    <RunInfos>
      <RunInfo computerName="IBM-F6410F" outcome="Warning" timestamp="2013-03-31T14:24:31.8569124-04:00">
        <Text>Le déploiement est actuellement désactivé. L'élément de déploiement 'ATRCommissions.exe' sur le test 'TestATRCommissions.DAOTest.SelectNatifTest' n'a pas été déployé.</Text>
      </RunInfo>
    </RunInfos>
  </ResultSummary>
  <TestDefinitions>
    <UnitTest name="SelectNatifTest" storage="c:\documents and settings\user1\mes documents\google drive\formation\c#__.net -- 819\projet de session\atrcommissions 2010\atrcommissions\testatrcommissions\bin\release\testatrcommissions.dll" id="1f0f4f37-0131-cd4a-b439-cde6ee1cca77">
      <DeploymentItems>
        <DeploymentItem filename="ATRCommissions.exe" />
      </DeploymentItems>
      <Execution id="16f67f68-abb0-4738-8273-e566e80653c9" />
      <TestMethod codeBase="C:/Documents and Settings/user1/Mes documents/Google Drive/Formation/C#__.net -- 819/Projet de session/ATRCommissions 2010/ATRCommissions/TestATRCommissions/bin/Release/TestATRCommissions.DLL" adapterTypeName="Microsoft.VisualStudio.TestTools.TestTypes.Unit.UnitTestAdapter, Microsoft.VisualStudio.QualityTools.Tips.UnitTest.Adapter, Version=10.0.0.0, Culture=neutral, PublicKeyToken=b03f5f7f11d50a3a" className="TestATRCommissions.DAOTest, TestATRCommissions, Version=1.0.0.0, Culture=neutral, PublicKeyToken=null" name="SelectNatifTest" />
    </UnitTest>
    <UnitTest name="GetCurrentDateTest" storage="c:\documents and settings\user1\mes documents\google drive\formation\c#__.net -- 819\projet de session\atrcommissions 2010\atrcommissions\testatrcommissions\bin\release\testatrcommissions.dll" id="f16503aa-d81e-55dd-3576-dc3de13389f8">
      <Execution id="a838428b-4197-466b-920c-6905d773bcc6" />
      <TestMethod codeBase="C:/Documents and Settings/user1/Mes documents/Google Drive/Formation/C#__.net -- 819/Projet de session/ATRCommissions 2010/ATRCommissions/TestATRCommissions/bin/Release/TestATRCommissions.DLL" adapterTypeName="Microsoft.VisualStudio.TestTools.TestTypes.Unit.UnitTestAdapter, Microsoft.VisualStudio.QualityTools.Tips.UnitTest.Adapter, Version=10.0.0.0, Culture=neutral, PublicKeyToken=b03f5f7f11d50a3a" className="TestATRCommissions.DAOTest, TestATRCommissions, Version=1.0.0.0, Culture=neutral, PublicKeyToken=null" name="GetCurrentDateTest" />
    </UnitTest>
    <UnitTest name="SetNewDateTest" storage="c:\documents and settings\user1\mes documents\google drive\formation\c#__.net -- 819\projet de session\atrcommissions 2010\atrcommissions\testatrcommissions\bin\release\testatrcommissions.dll" id="ffac9ef0-a17e-6f5d-48c2-181fdbc2e93a">
      <DeploymentItems>
        <DeploymentItem filename="ATRCommissions.exe" />
      </DeploymentItems>
      <Execution id="686ec3bc-f771-428b-b0d4-1a34086f5acf" />
      <TestMethod codeBase="C:/Documents and Settings/user1/Mes documents/Google Drive/Formation/C#__.net -- 819/Projet de session/ATRCommissions 2010/ATRCommissions/TestATRCommissions/bin/Release/TestATRCommissions.DLL" adapterTypeName="Microsoft.VisualStudio.TestTools.TestTypes.Unit.UnitTestAdapter, Microsoft.VisualStudio.QualityTools.Tips.UnitTest.Adapter, Version=10.0.0.0, Culture=neutral, PublicKeyToken=b03f5f7f11d50a3a" className="TestATRCommissions.DAOTest, TestATRCommissions, Version=1.0.0.0, Culture=neutral, PublicKeyToken=null" name="SetNewDateTest" />
    </UnitTest>
    <UnitTest name="LoginTest" storage="c:\documents and settings\user1\mes documents\google drive\formation\c#__.net -- 819\projet de session\atrcommissions 2010\atrcommissions\testatrcommissions\bin\release\testatrcommissions.dll" id="34728c7d-0743-621d-299e-b9ee219d2705">
      <Execution id="ef7f9189-6d25-4bef-8bda-532eb7db5245" />
      <TestMethod codeBase="C:/Documents and Settings/user1/Mes documents/Google Drive/Formation/C#__.net -- 819/Projet de session/ATRCommissions 2010/ATRCommissions/TestATRCommissions/bin/Release/TestATRCommissions.DLL" adapterTypeName="Microsoft.VisualStudio.TestTools.TestTypes.Unit.UnitTestAdapter, Microsoft.VisualStudio.QualityTools.Tips.UnitTest.Adapter, Version=10.0.0.0, Culture=neutral, PublicKeyToken=b03f5f7f11d50a3a" className="TestATRCommissions.DAOTest, TestATRCommissions, Version=1.0.0.0, Culture=neutral, PublicKeyToken=null" name="LoginTest" />
    </UnitTest>
    <UnitTest name="GetConnectionTest" storage="c:\documents and settings\user1\mes documents\google drive\formation\c#__.net -- 819\projet de session\atrcommissions 2010\atrcommissions\testatrcommissions\bin\release\testatrcommissions.dll" id="1662f486-70de-8681-1634-73167f85b770">
      <DeploymentItems>
        <DeploymentItem filename="ATRCommissions.exe" />
      </DeploymentItems>
      <Execution id="b012b8f6-767f-4065-9ee0-2b0e5e2e0c04" />
      <TestMethod codeBase="C:/Documents and Settings/user1/Mes documents/Google Drive/Formation/C#__.net -- 819/Projet de session/ATRCommissions 2010/ATRCommissions/TestATRCommissions/bin/Release/TestATRCommissions.DLL" adapterTypeName="Microsoft.VisualStudio.TestTools.TestTypes.Unit.UnitTestAdapter, Microsoft.VisualStudio.QualityTools.Tips.UnitTest.Adapter, Version=10.0.0.0, Culture=neutral, PublicKeyToken=b03f5f7f11d50a3a" className="TestATRCommissions.DAOTest, TestATRCommissions, Version=1.0.0.0, Culture=neutral, PublicKeyToken=null" name="GetConnectionTest" />
    </UnitTest>
    <UnitTest name="SetNextMonthTest" storage="c:\documents and settings\user1\mes documents\google drive\formation\c#__.net -- 819\projet de session\atrcommissions 2010\atrcommissions\testatrcommissions\bin\release\testatrcommissions.dll" id="cfe66615-67d6-a497-4e40-5bdfae618f5c">
      <Execution id="8ba10e2d-9f01-499c-93ae-4b9df13726f4" />
      <TestMethod codeBase="C:/Documents and Settings/user1/Mes documents/Google Drive/Formation/C#__.net -- 819/Projet de session/ATRCommissions 2010/ATRCommissions/TestATRCommissions/bin/Release/TestATRCommissions.DLL" adapterTypeName="Microsoft.VisualStudio.TestTools.TestTypes.Unit.UnitTestAdapter, Microsoft.VisualStudio.QualityTools.Tips.UnitTest.Adapter, Version=10.0.0.0, Culture=neutral, PublicKeyToken=b03f5f7f11d50a3a" className="TestATRCommissions.DAOTest, TestATRCommissions, Version=1.0.0.0, Culture=neutral, PublicKeyToken=null" name="SetNextMonthTest" />
    </UnitTest>
    <UnitTest name="SetNextDayTest" storage="c:\documents and settings\user1\mes documents\google drive\formation\c#__.net -- 819\projet de session\atrcommissions 2010\atrcommissions\testatrcommissions\bin\release\testatrcommissions.dll" id="20ca7984-00bb-0c4d-769c-adfcf831a920">
      <Execution id="ebfe9726-f703-4c9b-9172-fdaebeebd6a8" />
      <TestMethod codeBase="C:/Documents and Settings/user1/Mes documents/Google Drive/Formation/C#__.net -- 819/Projet de session/ATRCommissions 2010/ATRCommissions/TestATRCommissions/bin/Release/TestATRCommissions.DLL" adapterTypeName="Microsoft.VisualStudio.TestTools.TestTypes.Unit.UnitTestAdapter, Microsoft.VisualStudio.QualityTools.Tips.UnitTest.Adapter, Version=10.0.0.0, Culture=neutral, PublicKeyToken=b03f5f7f11d50a3a" className="TestATRCommissions.DAOTest, TestATRCommissions, Version=1.0.0.0, Culture=neutral, PublicKeyToken=null" name="SetNextDayTest" />
    </UnitTest>
  </TestDefinitions>
  <TestLists>
    <TestList name="Les résultats ne figurent pas dans une liste" id="8c84fa94-04c1-424b-9868-57a2d4851a1d" />
    <TestList name="Tous les résultats chargés" id="19431567-8539-422a-85d7-44ee4e166bda" />
  </TestLists>
  <TestEntries>
    <TestEntry testId="1662f486-70de-8681-1634-73167f85b770" executionId="b012b8f6-767f-4065-9ee0-2b0e5e2e0c04" testListId="8c84fa94-04c1-424b-9868-57a2d4851a1d" />
    <TestEntry testId="1f0f4f37-0131-cd4a-b439-cde6ee1cca77" executionId="16f67f68-abb0-4738-8273-e566e80653c9" testListId="8c84fa94-04c1-424b-9868-57a2d4851a1d" />
    <TestEntry testId="20ca7984-00bb-0c4d-769c-adfcf831a920" executionId="ebfe9726-f703-4c9b-9172-fdaebeebd6a8" testListId="8c84fa94-04c1-424b-9868-57a2d4851a1d" />
    <TestEntry testId="34728c7d-0743-621d-299e-b9ee219d2705" executionId="ef7f9189-6d25-4bef-8bda-532eb7db5245" testListId="8c84fa94-04c1-424b-9868-57a2d4851a1d" />
    <TestEntry testId="cfe66615-67d6-a497-4e40-5bdfae618f5c" executionId="8ba10e2d-9f01-499c-93ae-4b9df13726f4" testListId="8c84fa94-04c1-424b-9868-57a2d4851a1d" />
    <TestEntry testId="f16503aa-d81e-55dd-3576-dc3de13389f8" executionId="a838428b-4197-466b-920c-6905d773bcc6" testListId="8c84fa94-04c1-424b-9868-57a2d4851a1d" />
    <TestEntry testId="ffac9ef0-a17e-6f5d-48c2-181fdbc2e93a" executionId="686ec3bc-f771-428b-b0d4-1a34086f5acf" testListId="8c84fa94-04c1-424b-9868-57a2d4851a1d" />
  </TestEntries>
  <Results>
    <UnitTestResult executionId="b012b8f6-767f-4065-9ee0-2b0e5e2e0c04" testId="1662f486-70de-8681-1634-73167f85b770" testName="GetConnectionTest" computerName="IBM-F6410F" duration="00:00:00.1258185" startTime="2013-03-31T14:24:31.9037874-04:00" endTime="2013-03-31T14:24:32.7006624-04:00" testType="13cdc9d9-ddb5-4fa4-a97d-d965ccfc6d4b" outcome="Passed" testListId="8c84fa94-04c1-424b-9868-57a2d4851a1d" relativeResultsDirectory="b012b8f6-767f-4065-9ee0-2b0e5e2e0c04">
    </UnitTestResult>
    <UnitTestResult executionId="16f67f68-abb0-4738-8273-e566e80653c9" testId="1f0f4f37-0131-cd4a-b439-cde6ee1cca77" testName="SelectNatifTest" computerName="IBM-F6410F" duration="00:00:00.0691386" startTime="2013-03-31T14:24:32.7006624-04:00" endTime="2013-03-31T14:24:32.7944124-04:00" testType="13cdc9d9-ddb5-4fa4-a97d-d965ccfc6d4b" outcome="Failed" testListId="8c84fa94-04c1-424b-9868-57a2d4851a1d" relativeResultsDirectory="16f67f68-abb0-4738-8273-e566e80653c9">
      <Output>
        <ErrorInfo>
          <Message>La méthode de test TestATRCommissions.DAOTest.SelectNatifTest a levé une exception : 
System.InvalidOperationException: Opération non valide. La connexion est fermée.</Message>
          <StackTrace>   à ATRCommissions.DAO_Accessor.SelectNatif(String query, OracleConnection connection)
   à TestATRCommissions.DAOTest.SelectNatifTest() dans C:\Documents and Settings\user1\Mes documents\Google Drive\Formation\C#__.net -- 819\Projet de session\ATRCommissions 2010\ATRCommissions\TestATRCommissions\DAOTest.cs:ligne 136
</StackTrace>
        </ErrorInfo>
      </Output>
    </UnitTestResult>
    <UnitTestResult executionId="ebfe9726-f703-4c9b-9172-fdaebeebd6a8" testId="20ca7984-00bb-0c4d-769c-adfcf831a920" testName="SetNextDayTest" computerName="IBM-F6410F" duration="00:00:00.1885294" startTime="2013-03-31T14:24:32.7944124-04:00" endTime="2013-03-31T14:24:32.9975374-04:00" testType="13cdc9d9-ddb5-4fa4-a97d-d965ccfc6d4b" outcome="Passed" testListId="8c84fa94-04c1-424b-9868-57a2d4851a1d" relativeResultsDirectory="ebfe9726-f703-4c9b-9172-fdaebeebd6a8">
      <Output>
        <DebugTrace>DAO - SetNewDate()- currentDate:0001-01-02
</DebugTrace>
      </Output>
    </UnitTestResult>
    <UnitTestResult executionId="ef7f9189-6d25-4bef-8bda-532eb7db5245" testId="34728c7d-0743-621d-299e-b9ee219d2705" testName="LoginTest" computerName="IBM-F6410F" duration="00:00:00.0331329" startTime="2013-03-31T14:24:32.9975374-04:00" endTime="2013-03-31T14:24:33.0444124-04:00" testType="13cdc9d9-ddb5-4fa4-a97d-d965ccfc6d4b" outcome="Passed" testListId="8c84fa94-04c1-424b-9868-57a2d4851a1d" relativeResultsDirectory="ef7f9189-6d25-4bef-8bda-532eb7db5245">
      <Output>
        <DebugTrace>DAO Login - Connexion vers Oracle ...
DAO - Login  returnValue: Success
</DebugTrace>
      </Output>
    </UnitTestResult>
    <UnitTestResult executionId="8ba10e2d-9f01-499c-93ae-4b9df13726f4" testId="cfe66615-67d6-a497-4e40-5bdfae618f5c" testName="SetNextMonthTest" computerName="IBM-F6410F" duration="00:00:00.0488822" startTime="2013-03-31T14:24:33.0600374-04:00" endTime="2013-03-31T14:24:33.1069124-04:00" testType="13cdc9d9-ddb5-4fa4-a97d-d965ccfc6d4b" outcome="Passed" testListId="8c84fa94-04c1-424b-9868-57a2d4851a1d" relativeResultsDirectory="8ba10e2d-9f01-499c-93ae-4b9df13726f4">
      <Output>
        <DebugTrace>DAO - SetNewDate()- currentDate:0001-02-01
</DebugTrace>
      </Output>
    </UnitTestResult>
    <UnitTestResult executionId="a838428b-4197-466b-920c-6905d773bcc6" testId="f16503aa-d81e-55dd-3576-dc3de13389f8" testName="GetCurrentDateTest" computerName="IBM-F6410F" duration="00:00:00.0304518" startTime="2013-03-31T14:24:33.1069124-04:00" endTime="2013-03-31T14:24:33.1537874-04:00" testType="13cdc9d9-ddb5-4fa4-a97d-d965ccfc6d4b" outcome="Passed" testListId="8c84fa94-04c1-424b-9868-57a2d4851a1d" relativeResultsDirectory="a838428b-4197-466b-920c-6905d773bcc6">
    </UnitTestResult>
    <UnitTestResult executionId="686ec3bc-f771-428b-b0d4-1a34086f5acf" testId="ffac9ef0-a17e-6f5d-48c2-181fdbc2e93a" testName="SetNewDateTest" computerName="IBM-F6410F" duration="00:00:00.0347043" startTime="2013-03-31T14:24:33.1537874-04:00" endTime="2013-03-31T14:24:33.2006624-04:00" testType="13cdc9d9-ddb5-4fa4-a97d-d965ccfc6d4b" outcome="Inconclusive" testListId="8c84fa94-04c1-424b-9868-57a2d4851a1d" relativeResultsDirectory="686ec3bc-f771-428b-b0d4-1a34086f5acf">
      <Output>
        <DebugTrace>DAO - SetNewDate()- currentDate:0001-01-01
</DebugTrace>
        <ErrorInfo>
          <Message>Échec de Assert.Inconclusive. Vérifiez l'exactitude de cette méthode de test.</Message>
          <StackTrace>   à TestATRCommissions.DAOTest.SetNewDateTest() dans C:\Documents and Settings\user1\Mes documents\Google Drive\Formation\C#__.net -- 819\Projet de session\ATRCommissions 2010\ATRCommissions\TestATRCommissions\DAOTest.cs:ligne 122
</StackTrace>
        </ErrorInfo>
      </Output>
    </UnitTestResult>
  </Results>
</TestRun>