<?xml version="1.0" encoding="UTF-8"?>
<TestRun id="46e20473-f150-40e1-9967-dec3a750a118" name="user1@IBM-F6410F 2013-04-02 14:42:28" runUser="IBM-F6410F\user1" xmlns="http://microsoft.com/schemas/VisualStudio/TeamTest/2010">
  <TestSettings name="Local" id="b195a5b5-b32f-4cf1-a8eb-b9abeca63056">
    <Description>Il s'agit des paramètres de test par défaut pour une série de tests locale.</Description>
    <Deployment userDeploymentRoot="C:\Documents and Settings\user1\Mes documents\Google Drive\Formation\C#__.net -- 819\Projet de session\ATRCommissions 2010\ATRCommissions\TestResults" useDefaultDeploymentRoot="false" enabled="false" runDeploymentRoot="user1_IBM-F6410F 2013-04-02 14_42_28">
      <DeploymentItem filename="C:\Documents and Settings\user1\Mes documents\Google Drive\Formation\C#__.net -- 819\Projet de session\ATRCommissions 2010\ATRCommissions\bin\Debug\ATRCommissions.exe" />
    </Deployment>
    <Execution>
      <TestTypeSpecific />
      <AgentRule name="Execution Agents">
      </AgentRule>
    </Execution>
  </TestSettings>
  <Times creation="2013-04-02T14:42:28.4531250-04:00" queuing="2013-04-02T14:42:28.6093750-04:00" start="2013-04-02T14:42:28.6562500-04:00" finish="2013-04-02T14:42:29.8906250-04:00" />
  <ResultSummary outcome="Failed">
    <Counters total="1" executed="1" error="0" failed="1" timeout="0" aborted="0" inconclusive="0" passedButRunAborted="0" notRunnable="0" notExecuted="0" disconnected="0" warning="0" passed="0" completed="0" inProgress="0" pending="0" />
  </ResultSummary>
  <TestDefinitions>
    <UnitTest name="GetSequenceTest" storage="c:\documents and settings\user1\mes documents\google drive\formation\c#__.net -- 819\projet de session\atrcommissions 2010\atrcommissions\testatrcommissions\bin\release\testatrcommissions.dll" id="47ce7729-8866-fdd4-c180-3b7f150afab1">
      <Execution id="eb911a56-5ef5-4f13-99fa-63c190d832f7" />
      <TestMethod codeBase="C:/Documents and Settings/user1/Mes documents/Google Drive/Formation/C#__.net -- 819/Projet de session/ATRCommissions 2010/ATRCommissions/TestATRCommissions/bin/Release/TestATRCommissions.DLL" adapterTypeName="Microsoft.VisualStudio.TestTools.TestTypes.Unit.UnitTestAdapter, Microsoft.VisualStudio.QualityTools.Tips.UnitTest.Adapter, Version=10.0.0.0, Culture=neutral, PublicKeyToken=b03f5f7f11d50a3a" className="TestATRCommissions.DAOTest, TestATRCommissions, Version=1.0.0.0, Culture=neutral, PublicKeyToken=null" name="GetSequenceTest" />
    </UnitTest>
  </TestDefinitions>
  <TestLists>
    <TestList name="Les résultats ne figurent pas dans une liste" id="8c84fa94-04c1-424b-9868-57a2d4851a1d" />
    <TestList name="Tous les résultats chargés" id="19431567-8539-422a-85d7-44ee4e166bda" />
  </TestLists>
  <TestEntries>
    <TestEntry testId="47ce7729-8866-fdd4-c180-3b7f150afab1" executionId="eb911a56-5ef5-4f13-99fa-63c190d832f7" testListId="8c84fa94-04c1-424b-9868-57a2d4851a1d" />
  </TestEntries>
  <Results>
    <UnitTestResult executionId="eb911a56-5ef5-4f13-99fa-63c190d832f7" testId="47ce7729-8866-fdd4-c180-3b7f150afab1" testName="GetSequenceTest" computerName="IBM-F6410F" duration="00:00:00.3845202" startTime="2013-04-02T14:42:28.6875000-04:00" endTime="2013-04-02T14:42:29.7812500-04:00" testType="13cdc9d9-ddb5-4fa4-a97d-d965ccfc6d4b" outcome="Failed" testListId="8c84fa94-04c1-424b-9868-57a2d4851a1d" relativeResultsDirectory="eb911a56-5ef5-4f13-99fa-63c190d832f7">
      <Output>
        <DebugTrace>DAO GetSequence- Connexion vers Oracle ...
DAO GetSequence - bloc catch :L'index se trouve en dehors des limites du tableau.
DAO - GetSequence  returnValue: 0
</DebugTrace>
        <ErrorInfo>
          <Message>Échec de Assert.AreEqual. Attendu : &lt;Success&gt;, Réel : &lt;ConnectionError&gt;. </Message>
          <StackTrace>   à TestATRCommissions.DAOTest.GetSequenceTest() dans C:\Documents and Settings\user1\Mes documents\Google Drive\Formation\C#__.net -- 819\Projet de session\ATRCommissions 2010\ATRCommissions\TestATRCommissions\DAOTest.cs:ligne 154
</StackTrace>
        </ErrorInfo>
      </Output>
    </UnitTestResult>
  </Results>
</TestRun>