<?xml version="1.0" encoding="UTF-8"?>
<TestRun id="1bd97a8e-5cfb-4180-b31a-fdf22c8df5ad" name="user1@IBM-F6410F 2013-03-20 22:34:59" runUser="IBM-F6410F\user1" xmlns="http://microsoft.com/schemas/VisualStudio/TeamTest/2010">
  <TestSettings name="Local" id="b195a5b5-b32f-4cf1-a8eb-b9abeca63056">
    <Description>Il s'agit des paramètres de test par défaut pour une série de tests locale.</Description>
    <Deployment enabled="false" runDeploymentRoot="user1_IBM-F6410F 2013-03-20 22_34_59">
      <DeploymentItem filename="C:\Documents and Settings\user1\Mes documents\Google Drive\Formation\C#__.net -- 819\Projet de session\ATRCommissions 2010\ATRCommissions\bin\Debug\ATRCommissions.exe" />
    </Deployment>
    <Execution>
      <TestTypeSpecific />
      <AgentRule name="Execution Agents">
      </AgentRule>
    </Execution>
  </TestSettings>
  <Times creation="2013-03-20T22:34:59.1718750-04:00" queuing="2013-03-20T22:34:59.2968750-04:00" start="2013-03-20T22:34:59.3281250-04:00" finish="2013-03-20T22:35:01.8750000-04:00" />
  <ResultSummary outcome="Completed">
    <Counters total="5" executed="5" passed="5" error="0" failed="0" timeout="0" aborted="0" inconclusive="0" passedButRunAborted="0" notRunnable="0" notExecuted="0" disconnected="0" warning="0" completed="0" inProgress="0" pending="0" />
  </ResultSummary>
  <TestDefinitions>
    <UnitTest name="LoginTest" storage="c:\documents and settings\user1\mes documents\google drive\formation\c#__.net -- 819\projet de session\atrcommissions 2010\atrcommissions\testatrcommissions\bin\release\testatrcommissions.dll" id="34728c7d-0743-621d-299e-b9ee219d2705">
      <Execution id="d9df8975-ce66-4470-8c1e-16213482a6a6" />
      <TestMethod codeBase="C:/Documents and Settings/user1/Mes documents/Google Drive/Formation/C#__.net -- 819/Projet de session/ATRCommissions 2010/ATRCommissions/TestATRCommissions/bin/Release/TestATRCommissions.DLL" adapterTypeName="Microsoft.VisualStudio.TestTools.TestTypes.Unit.UnitTestAdapter, Microsoft.VisualStudio.QualityTools.Tips.UnitTest.Adapter, Version=10.0.0.0, Culture=neutral, PublicKeyToken=b03f5f7f11d50a3a" className="TestATRCommissions.DAOTest, TestATRCommissions, Version=1.0.0.0, Culture=neutral, PublicKeyToken=null" name="LoginTest" />
    </UnitTest>
    <UnitTest name="SetNextMonthTest" storage="c:\documents and settings\user1\mes documents\google drive\formation\c#__.net -- 819\projet de session\atrcommissions 2010\atrcommissions\testatrcommissions\bin\release\testatrcommissions.dll" id="cfe66615-67d6-a497-4e40-5bdfae618f5c">
      <Execution id="e97db453-63c7-48ce-9cb8-b23b64e562f7" />
      <TestMethod codeBase="C:/Documents and Settings/user1/Mes documents/Google Drive/Formation/C#__.net -- 819/Projet de session/ATRCommissions 2010/ATRCommissions/TestATRCommissions/bin/Release/TestATRCommissions.DLL" adapterTypeName="Microsoft.VisualStudio.TestTools.TestTypes.Unit.UnitTestAdapter, Microsoft.VisualStudio.QualityTools.Tips.UnitTest.Adapter, Version=10.0.0.0, Culture=neutral, PublicKeyToken=b03f5f7f11d50a3a" className="TestATRCommissions.DAOTest, TestATRCommissions, Version=1.0.0.0, Culture=neutral, PublicKeyToken=null" name="SetNextMonthTest" />
    </UnitTest>
    <UnitTest name="GetCurrentDateTest" storage="c:\documents and settings\user1\mes documents\google drive\formation\c#__.net -- 819\projet de session\atrcommissions 2010\atrcommissions\testatrcommissions\bin\release\testatrcommissions.dll" id="f16503aa-d81e-55dd-3576-dc3de13389f8">
      <Execution id="8b31eaa3-9962-45f0-9a3e-dcb0d4959ffb" />
      <TestMethod codeBase="C:/Documents and Settings/user1/Mes documents/Google Drive/Formation/C#__.net -- 819/Projet de session/ATRCommissions 2010/ATRCommissions/TestATRCommissions/bin/Release/TestATRCommissions.DLL" adapterTypeName="Microsoft.VisualStudio.TestTools.TestTypes.Unit.UnitTestAdapter, Microsoft.VisualStudio.QualityTools.Tips.UnitTest.Adapter, Version=10.0.0.0, Culture=neutral, PublicKeyToken=b03f5f7f11d50a3a" className="TestATRCommissions.DAOTest, TestATRCommissions, Version=1.0.0.0, Culture=neutral, PublicKeyToken=null" name="GetCurrentDateTest" />
    </UnitTest>
    <UnitTest name="GetConnectionTest" storage="c:\documents and settings\user1\mes documents\google drive\formation\c#__.net -- 819\projet de session\atrcommissions 2010\atrcommissions\testatrcommissions\bin\release\testatrcommissions.dll" id="1662f486-70de-8681-1634-73167f85b770">
      <DeploymentItems>
        <DeploymentItem filename="ATRCommissions.exe" />
      </DeploymentItems>
      <Execution id="b631e828-d4c3-44b1-81c2-566aa0fb8144" />
      <TestMethod codeBase="C:/Documents and Settings/user1/Mes documents/Google Drive/Formation/C#__.net -- 819/Projet de session/ATRCommissions 2010/ATRCommissions/TestATRCommissions/bin/Release/TestATRCommissions.DLL" adapterTypeName="Microsoft.VisualStudio.TestTools.TestTypes.Unit.UnitTestAdapter, Microsoft.VisualStudio.QualityTools.Tips.UnitTest.Adapter, Version=10.0.0.0, Culture=neutral, PublicKeyToken=b03f5f7f11d50a3a" className="TestATRCommissions.DAOTest, TestATRCommissions, Version=1.0.0.0, Culture=neutral, PublicKeyToken=null" name="GetConnectionTest" />
    </UnitTest>
    <UnitTest name="SetNextDayTest" storage="c:\documents and settings\user1\mes documents\google drive\formation\c#__.net -- 819\projet de session\atrcommissions 2010\atrcommissions\testatrcommissions\bin\release\testatrcommissions.dll" id="20ca7984-00bb-0c4d-769c-adfcf831a920">
      <Execution id="e7b39712-0cb0-45fe-b8ab-c4825489f836" />
      <TestMethod codeBase="C:/Documents and Settings/user1/Mes documents/Google Drive/Formation/C#__.net -- 819/Projet de session/ATRCommissions 2010/ATRCommissions/TestATRCommissions/bin/Release/TestATRCommissions.DLL" adapterTypeName="Microsoft.VisualStudio.TestTools.TestTypes.Unit.UnitTestAdapter, Microsoft.VisualStudio.QualityTools.Tips.UnitTest.Adapter, Version=10.0.0.0, Culture=neutral, PublicKeyToken=b03f5f7f11d50a3a" className="TestATRCommissions.DAOTest, TestATRCommissions, Version=1.0.0.0, Culture=neutral, PublicKeyToken=null" name="SetNextDayTest" />
    </UnitTest>
  </TestDefinitions>
  <TestLists>
    <TestList name="Les résultats ne figurent pas dans une liste" id="8c84fa94-04c1-424b-9868-57a2d4851a1d" />
    <TestList name="Tous les résultats chargés" id="19431567-8539-422a-85d7-44ee4e166bda" />
  </TestLists>
  <TestEntries>
    <TestEntry testId="34728c7d-0743-621d-299e-b9ee219d2705" executionId="d9df8975-ce66-4470-8c1e-16213482a6a6" testListId="8c84fa94-04c1-424b-9868-57a2d4851a1d" />
    <TestEntry testId="f16503aa-d81e-55dd-3576-dc3de13389f8" executionId="8b31eaa3-9962-45f0-9a3e-dcb0d4959ffb" testListId="8c84fa94-04c1-424b-9868-57a2d4851a1d" />
    <TestEntry testId="1662f486-70de-8681-1634-73167f85b770" executionId="b631e828-d4c3-44b1-81c2-566aa0fb8144" testListId="8c84fa94-04c1-424b-9868-57a2d4851a1d" />
    <TestEntry testId="cfe66615-67d6-a497-4e40-5bdfae618f5c" executionId="e97db453-63c7-48ce-9cb8-b23b64e562f7" testListId="8c84fa94-04c1-424b-9868-57a2d4851a1d" />
    <TestEntry testId="20ca7984-00bb-0c4d-769c-adfcf831a920" executionId="e7b39712-0cb0-45fe-b8ab-c4825489f836" testListId="8c84fa94-04c1-424b-9868-57a2d4851a1d" />
  </TestEntries>
  <Results>
    <UnitTestResult executionId="d9df8975-ce66-4470-8c1e-16213482a6a6" testId="34728c7d-0743-621d-299e-b9ee219d2705" testName="LoginTest" computerName="IBM-F6410F" duration="00:00:00.2892749" startTime="2013-03-20T22:34:59.3437500-04:00" endTime="2013-03-20T22:35:01.2343750-04:00" testType="13cdc9d9-ddb5-4fa4-a97d-d965ccfc6d4b" outcome="Passed" testListId="8c84fa94-04c1-424b-9868-57a2d4851a1d" relativeResultsDirectory="d9df8975-ce66-4470-8c1e-16213482a6a6">
      <Output>
        <DebugTrace>DAO Login - Connexion vers Oracle ...
DAO - Login  returnValue: Success
</DebugTrace>
      </Output>
    </UnitTestResult>
    <UnitTestResult executionId="8b31eaa3-9962-45f0-9a3e-dcb0d4959ffb" testId="f16503aa-d81e-55dd-3576-dc3de13389f8" testName="GetCurrentDateTest" computerName="IBM-F6410F" duration="00:00:00.0483966" startTime="2013-03-20T22:35:01.2500000-04:00" endTime="2013-03-20T22:35:01.3281250-04:00" testType="13cdc9d9-ddb5-4fa4-a97d-d965ccfc6d4b" outcome="Passed" testListId="8c84fa94-04c1-424b-9868-57a2d4851a1d" relativeResultsDirectory="8b31eaa3-9962-45f0-9a3e-dcb0d4959ffb">
    </UnitTestResult>
    <UnitTestResult executionId="b631e828-d4c3-44b1-81c2-566aa0fb8144" testId="1662f486-70de-8681-1634-73167f85b770" testName="GetConnectionTest" computerName="IBM-F6410F" duration="00:00:00.2072072" startTime="2013-03-20T22:35:01.3281250-04:00" endTime="2013-03-20T22:35:01.5781250-04:00" testType="13cdc9d9-ddb5-4fa4-a97d-d965ccfc6d4b" outcome="Passed" testListId="8c84fa94-04c1-424b-9868-57a2d4851a1d" relativeResultsDirectory="b631e828-d4c3-44b1-81c2-566aa0fb8144">
    </UnitTestResult>
    <UnitTestResult executionId="e97db453-63c7-48ce-9cb8-b23b64e562f7" testId="cfe66615-67d6-a497-4e40-5bdfae618f5c" testName="SetNextMonthTest" computerName="IBM-F6410F" duration="00:00:00.0767634" startTime="2013-03-20T22:35:01.5937500-04:00" endTime="2013-03-20T22:35:01.6875000-04:00" testType="13cdc9d9-ddb5-4fa4-a97d-d965ccfc6d4b" outcome="Passed" testListId="8c84fa94-04c1-424b-9868-57a2d4851a1d" relativeResultsDirectory="e97db453-63c7-48ce-9cb8-b23b64e562f7">
      <Output>
        <DebugTrace>DAO - SetNextDay()- currentDate:2013-06-01
</DebugTrace>
      </Output>
    </UnitTestResult>
    <UnitTestResult executionId="e7b39712-0cb0-45fe-b8ab-c4825489f836" testId="20ca7984-00bb-0c4d-769c-adfcf831a920" testName="SetNextDayTest" computerName="IBM-F6410F" duration="00:00:00.0451378" startTime="2013-03-20T22:35:01.6875000-04:00" endTime="2013-03-20T22:35:01.7500000-04:00" testType="13cdc9d9-ddb5-4fa4-a97d-d965ccfc6d4b" outcome="Passed" testListId="8c84fa94-04c1-424b-9868-57a2d4851a1d" relativeResultsDirectory="e7b39712-0cb0-45fe-b8ab-c4825489f836">
      <Output>
        <DebugTrace>DAO - SetNextDay()- currentDate:2013-06-02
</DebugTrace>
      </Output>
    </UnitTestResult>
  </Results>
</TestRun>