<?xml version="1.0" encoding="UTF-8"?>
<TestRun id="f0a8140e-3f18-4d39-8289-7a334aa2262f" name="user1@IBM-F6410F 2013-04-02 15:08:06" runUser="IBM-F6410F\user1" xmlns="http://microsoft.com/schemas/VisualStudio/TeamTest/2010">
  <TestSettings name="Local" id="b195a5b5-b32f-4cf1-a8eb-b9abeca63056">
    <Description>Il s'agit des paramètres de test par défaut pour une série de tests locale.</Description>
    <Deployment enabled="false" runDeploymentRoot="user1_IBM-F6410F 2013-04-02 15_08_06">
      <DeploymentItem filename="C:\Documents and Settings\user1\Mes documents\Google Drive\Formation\C#__.net -- 819\Projet de session\ATRCommissions 2010\ATRCommissions\bin\Debug\ATRCommissions.exe" />
    </Deployment>
    <Execution>
      <TestTypeSpecific />
      <AgentRule name="Execution Agents">
      </AgentRule>
    </Execution>
  </TestSettings>
  <Times creation="2013-04-02T15:08:06.4375000-04:00" queuing="2013-04-02T15:08:09.1875000-04:00" start="2013-04-02T15:08:09.6250000-04:00" finish="2013-04-02T15:10:43.4062500-04:00" />
  <ResultSummary outcome="Failed">
    <Counters total="8" executed="8" passed="7" error="0" failed="1" timeout="0" aborted="0" inconclusive="0" passedButRunAborted="0" notRunnable="0" notExecuted="0" disconnected="0" warning="0" completed="0" inProgress="0" pending="0" />
  </ResultSummary>
  <TestDefinitions>
    <UnitTest name="GetCurrentDateTest" storage="c:\documents and settings\user1\mes documents\google drive\formation\c#__.net -- 819\projet de session\atrcommissions 2010\atrcommissions\testatrcommissions\bin\release\testatrcommissions.dll" id="f16503aa-d81e-55dd-3576-dc3de13389f8">
      <Execution id="69a9f5ff-fa03-49e1-83ea-76ddbd9c6b98" />
      <TestMethod codeBase="C:/Documents and Settings/user1/Mes documents/Google Drive/Formation/C#__.net -- 819/Projet de session/ATRCommissions 2010/ATRCommissions/TestATRCommissions/bin/Release/TestATRCommissions.DLL" adapterTypeName="Microsoft.VisualStudio.TestTools.TestTypes.Unit.UnitTestAdapter, Microsoft.VisualStudio.QualityTools.Tips.UnitTest.Adapter, Version=10.0.0.0, Culture=neutral, PublicKeyToken=b03f5f7f11d50a3a" className="TestATRCommissions.DAOTest, TestATRCommissions, Version=1.0.0.0, Culture=neutral, PublicKeyToken=null" name="GetCurrentDateTest" />
    </UnitTest>
    <UnitTest name="SelectNatifTest" storage="c:\documents and settings\user1\mes documents\google drive\formation\c#__.net -- 819\projet de session\atrcommissions 2010\atrcommissions\testatrcommissions\bin\release\testatrcommissions.dll" id="1f0f4f37-0131-cd4a-b439-cde6ee1cca77">
      <DeploymentItems>
        <DeploymentItem filename="ATRCommissions.exe" />
      </DeploymentItems>
      <Execution id="02fc1d1b-fe2e-4eb4-99ea-9f201e905807" />
      <TestMethod codeBase="C:/Documents and Settings/user1/Mes documents/Google Drive/Formation/C#__.net -- 819/Projet de session/ATRCommissions 2010/ATRCommissions/TestATRCommissions/bin/Release/TestATRCommissions.DLL" adapterTypeName="Microsoft.VisualStudio.TestTools.TestTypes.Unit.UnitTestAdapter, Microsoft.VisualStudio.QualityTools.Tips.UnitTest.Adapter, Version=10.0.0.0, Culture=neutral, PublicKeyToken=b03f5f7f11d50a3a" className="TestATRCommissions.DAOTest, TestATRCommissions, Version=1.0.0.0, Culture=neutral, PublicKeyToken=null" name="SelectNatifTest" />
    </UnitTest>
    <UnitTest name="GetConnectionTest" storage="c:\documents and settings\user1\mes documents\google drive\formation\c#__.net -- 819\projet de session\atrcommissions 2010\atrcommissions\testatrcommissions\bin\release\testatrcommissions.dll" id="1662f486-70de-8681-1634-73167f85b770">
      <DeploymentItems>
        <DeploymentItem filename="ATRCommissions.exe" />
      </DeploymentItems>
      <Execution id="efeb9c1d-b3f6-4bd9-b041-fe0d39395607" />
      <TestMethod codeBase="C:/Documents and Settings/user1/Mes documents/Google Drive/Formation/C#__.net -- 819/Projet de session/ATRCommissions 2010/ATRCommissions/TestATRCommissions/bin/Release/TestATRCommissions.DLL" adapterTypeName="Microsoft.VisualStudio.TestTools.TestTypes.Unit.UnitTestAdapter, Microsoft.VisualStudio.QualityTools.Tips.UnitTest.Adapter, Version=10.0.0.0, Culture=neutral, PublicKeyToken=b03f5f7f11d50a3a" className="TestATRCommissions.DAOTest, TestATRCommissions, Version=1.0.0.0, Culture=neutral, PublicKeyToken=null" name="GetConnectionTest" />
    </UnitTest>
    <UnitTest name="SetNewDateTest" storage="c:\documents and settings\user1\mes documents\google drive\formation\c#__.net -- 819\projet de session\atrcommissions 2010\atrcommissions\testatrcommissions\bin\release\testatrcommissions.dll" id="ffac9ef0-a17e-6f5d-48c2-181fdbc2e93a">
      <DeploymentItems>
        <DeploymentItem filename="ATRCommissions.exe" />
      </DeploymentItems>
      <Execution id="5eae0836-08da-4e8e-a27b-09abe28a5126" />
      <TestMethod codeBase="C:/Documents and Settings/user1/Mes documents/Google Drive/Formation/C#__.net -- 819/Projet de session/ATRCommissions 2010/ATRCommissions/TestATRCommissions/bin/Release/TestATRCommissions.DLL" adapterTypeName="Microsoft.VisualStudio.TestTools.TestTypes.Unit.UnitTestAdapter, Microsoft.VisualStudio.QualityTools.Tips.UnitTest.Adapter, Version=10.0.0.0, Culture=neutral, PublicKeyToken=b03f5f7f11d50a3a" className="TestATRCommissions.DAOTest, TestATRCommissions, Version=1.0.0.0, Culture=neutral, PublicKeyToken=null" name="SetNewDateTest" />
    </UnitTest>
    <UnitTest name="LoginTest" storage="c:\documents and settings\user1\mes documents\google drive\formation\c#__.net -- 819\projet de session\atrcommissions 2010\atrcommissions\testatrcommissions\bin\release\testatrcommissions.dll" id="34728c7d-0743-621d-299e-b9ee219d2705">
      <Execution id="5c82a2e7-4c35-4d19-99f9-083137e3df2e" />
      <TestMethod codeBase="C:/Documents and Settings/user1/Mes documents/Google Drive/Formation/C#__.net -- 819/Projet de session/ATRCommissions 2010/ATRCommissions/TestATRCommissions/bin/Release/TestATRCommissions.DLL" adapterTypeName="Microsoft.VisualStudio.TestTools.TestTypes.Unit.UnitTestAdapter, Microsoft.VisualStudio.QualityTools.Tips.UnitTest.Adapter, Version=10.0.0.0, Culture=neutral, PublicKeyToken=b03f5f7f11d50a3a" className="TestATRCommissions.DAOTest, TestATRCommissions, Version=1.0.0.0, Culture=neutral, PublicKeyToken=null" name="LoginTest" />
    </UnitTest>
    <UnitTest name="GetSequenceTest" storage="c:\documents and settings\user1\mes documents\google drive\formation\c#__.net -- 819\projet de session\atrcommissions 2010\atrcommissions\testatrcommissions\bin\release\testatrcommissions.dll" id="47ce7729-8866-fdd4-c180-3b7f150afab1">
      <Execution id="081a08bd-2fda-4ee6-9361-c8a6c59de307" />
      <TestMethod codeBase="C:/Documents and Settings/user1/Mes documents/Google Drive/Formation/C#__.net -- 819/Projet de session/ATRCommissions 2010/ATRCommissions/TestATRCommissions/bin/Release/TestATRCommissions.DLL" adapterTypeName="Microsoft.VisualStudio.TestTools.TestTypes.Unit.UnitTestAdapter, Microsoft.VisualStudio.QualityTools.Tips.UnitTest.Adapter, Version=10.0.0.0, Culture=neutral, PublicKeyToken=b03f5f7f11d50a3a" className="TestATRCommissions.DAOTest, TestATRCommissions, Version=1.0.0.0, Culture=neutral, PublicKeyToken=null" name="GetSequenceTest" />
    </UnitTest>
    <UnitTest name="SetNextMonthTest" storage="c:\documents and settings\user1\mes documents\google drive\formation\c#__.net -- 819\projet de session\atrcommissions 2010\atrcommissions\testatrcommissions\bin\release\testatrcommissions.dll" id="cfe66615-67d6-a497-4e40-5bdfae618f5c">
      <Execution id="3fb136bc-6158-4859-9d5e-0e89e9796d7d" />
      <TestMethod codeBase="C:/Documents and Settings/user1/Mes documents/Google Drive/Formation/C#__.net -- 819/Projet de session/ATRCommissions 2010/ATRCommissions/TestATRCommissions/bin/Release/TestATRCommissions.DLL" adapterTypeName="Microsoft.VisualStudio.TestTools.TestTypes.Unit.UnitTestAdapter, Microsoft.VisualStudio.QualityTools.Tips.UnitTest.Adapter, Version=10.0.0.0, Culture=neutral, PublicKeyToken=b03f5f7f11d50a3a" className="TestATRCommissions.DAOTest, TestATRCommissions, Version=1.0.0.0, Culture=neutral, PublicKeyToken=null" name="SetNextMonthTest" />
    </UnitTest>
    <UnitTest name="SetNextDayTest" storage="c:\documents and settings\user1\mes documents\google drive\formation\c#__.net -- 819\projet de session\atrcommissions 2010\atrcommissions\testatrcommissions\bin\release\testatrcommissions.dll" id="20ca7984-00bb-0c4d-769c-adfcf831a920">
      <Execution id="0d9a5a5a-9f4a-40b2-8fb5-8c0306dfc25c" />
      <TestMethod codeBase="C:/Documents and Settings/user1/Mes documents/Google Drive/Formation/C#__.net -- 819/Projet de session/ATRCommissions 2010/ATRCommissions/TestATRCommissions/bin/Release/TestATRCommissions.DLL" adapterTypeName="Microsoft.VisualStudio.TestTools.TestTypes.Unit.UnitTestAdapter, Microsoft.VisualStudio.QualityTools.Tips.UnitTest.Adapter, Version=10.0.0.0, Culture=neutral, PublicKeyToken=b03f5f7f11d50a3a" className="TestATRCommissions.DAOTest, TestATRCommissions, Version=1.0.0.0, Culture=neutral, PublicKeyToken=null" name="SetNextDayTest" />
    </UnitTest>
  </TestDefinitions>
  <TestLists>
    <TestList name="Les résultats ne figurent pas dans une liste" id="8c84fa94-04c1-424b-9868-57a2d4851a1d" />
    <TestList name="Tous les résultats chargés" id="19431567-8539-422a-85d7-44ee4e166bda" />
  </TestLists>
  <TestEntries>
    <TestEntry testId="1662f486-70de-8681-1634-73167f85b770" executionId="efeb9c1d-b3f6-4bd9-b041-fe0d39395607" testListId="8c84fa94-04c1-424b-9868-57a2d4851a1d" />
    <TestEntry testId="1f0f4f37-0131-cd4a-b439-cde6ee1cca77" executionId="02fc1d1b-fe2e-4eb4-99ea-9f201e905807" testListId="8c84fa94-04c1-424b-9868-57a2d4851a1d" />
    <TestEntry testId="20ca7984-00bb-0c4d-769c-adfcf831a920" executionId="0d9a5a5a-9f4a-40b2-8fb5-8c0306dfc25c" testListId="8c84fa94-04c1-424b-9868-57a2d4851a1d" />
    <TestEntry testId="34728c7d-0743-621d-299e-b9ee219d2705" executionId="5c82a2e7-4c35-4d19-99f9-083137e3df2e" testListId="8c84fa94-04c1-424b-9868-57a2d4851a1d" />
    <TestEntry testId="47ce7729-8866-fdd4-c180-3b7f150afab1" executionId="081a08bd-2fda-4ee6-9361-c8a6c59de307" testListId="8c84fa94-04c1-424b-9868-57a2d4851a1d" />
    <TestEntry testId="cfe66615-67d6-a497-4e40-5bdfae618f5c" executionId="3fb136bc-6158-4859-9d5e-0e89e9796d7d" testListId="8c84fa94-04c1-424b-9868-57a2d4851a1d" />
    <TestEntry testId="f16503aa-d81e-55dd-3576-dc3de13389f8" executionId="69a9f5ff-fa03-49e1-83ea-76ddbd9c6b98" testListId="8c84fa94-04c1-424b-9868-57a2d4851a1d" />
    <TestEntry testId="ffac9ef0-a17e-6f5d-48c2-181fdbc2e93a" executionId="5eae0836-08da-4e8e-a27b-09abe28a5126" testListId="8c84fa94-04c1-424b-9868-57a2d4851a1d" />
  </TestEntries>
  <Results>
    <UnitTestResult executionId="efeb9c1d-b3f6-4bd9-b041-fe0d39395607" testId="1662f486-70de-8681-1634-73167f85b770" testName="GetConnectionTest" computerName="IBM-F6410F" duration="00:00:00.2845340" startTime="2013-04-02T15:08:09.9687500-04:00" endTime="2013-04-02T15:08:11.9843750-04:00" testType="13cdc9d9-ddb5-4fa4-a97d-d965ccfc6d4b" outcome="Passed" testListId="8c84fa94-04c1-424b-9868-57a2d4851a1d" relativeResultsDirectory="efeb9c1d-b3f6-4bd9-b041-fe0d39395607">
    </UnitTestResult>
    <UnitTestResult executionId="02fc1d1b-fe2e-4eb4-99ea-9f201e905807" testId="1f0f4f37-0131-cd4a-b439-cde6ee1cca77" testName="SelectNatifTest" computerName="IBM-F6410F" duration="00:02:22.4910423" startTime="2013-04-02T15:08:12.0156250-04:00" endTime="2013-04-02T15:10:34.9218750-04:00" testType="13cdc9d9-ddb5-4fa4-a97d-d965ccfc6d4b" outcome="Failed" testListId="8c84fa94-04c1-424b-9868-57a2d4851a1d" relativeResultsDirectory="02fc1d1b-fe2e-4eb4-99ea-9f201e905807">
      <Output>
        <ErrorInfo>
          <Message>La méthode de test TestATRCommissions.DAOTest.SelectNatifTest a levé une exception : 
System.InvalidOperationException: Opération non valide. La connexion est fermée.</Message>
          <StackTrace>    à System.Data.OracleClient.OracleConnection.GetOpenInternalConnection()
   à System.Data.OracleClient.OracleConnection.get_ServerVersion()
</StackTrace>
        </ErrorInfo>
      </Output>
    </UnitTestResult>
    <UnitTestResult executionId="0d9a5a5a-9f4a-40b2-8fb5-8c0306dfc25c" testId="20ca7984-00bb-0c4d-769c-adfcf831a920" testName="SetNextDayTest" computerName="IBM-F6410F" duration="00:00:07.4359473" startTime="2013-04-02T15:10:34.9687500-04:00" endTime="2013-04-02T15:10:42.4218750-04:00" testType="13cdc9d9-ddb5-4fa4-a97d-d965ccfc6d4b" outcome="Passed" testListId="8c84fa94-04c1-424b-9868-57a2d4851a1d" relativeResultsDirectory="0d9a5a5a-9f4a-40b2-8fb5-8c0306dfc25c">
      <Output>
        <DebugTrace>DAO - SetNewDate()- currentDate:0001-01-02
</DebugTrace>
      </Output>
    </UnitTestResult>
    <UnitTestResult executionId="5c82a2e7-4c35-4d19-99f9-083137e3df2e" testId="34728c7d-0743-621d-299e-b9ee219d2705" testName="LoginTest" computerName="IBM-F6410F" duration="00:00:00.0392487" startTime="2013-04-02T15:10:42.4687500-04:00" endTime="2013-04-02T15:10:42.5312500-04:00" testType="13cdc9d9-ddb5-4fa4-a97d-d965ccfc6d4b" outcome="Passed" testListId="8c84fa94-04c1-424b-9868-57a2d4851a1d" relativeResultsDirectory="5c82a2e7-4c35-4d19-99f9-083137e3df2e">
      <Output>
        <DebugTrace>DAO Login - Connexion vers Oracle ...
DAO - Login  returnValue: Success
</DebugTrace>
      </Output>
    </UnitTestResult>
    <UnitTestResult executionId="081a08bd-2fda-4ee6-9361-c8a6c59de307" testId="47ce7729-8866-fdd4-c180-3b7f150afab1" testName="GetSequenceTest" computerName="IBM-F6410F" duration="00:00:00.0483008" startTime="2013-04-02T15:10:42.5781250-04:00" endTime="2013-04-02T15:10:42.6562500-04:00" testType="13cdc9d9-ddb5-4fa4-a97d-d965ccfc6d4b" outcome="Passed" testListId="8c84fa94-04c1-424b-9868-57a2d4851a1d" relativeResultsDirectory="081a08bd-2fda-4ee6-9361-c8a6c59de307">
      <Output>
        <DebugTrace>DAO GetSequence- Connexion vers Oracle ...
DAO - GetSequence  returnValue: 423
</DebugTrace>
      </Output>
    </UnitTestResult>
    <UnitTestResult executionId="3fb136bc-6158-4859-9d5e-0e89e9796d7d" testId="cfe66615-67d6-a497-4e40-5bdfae618f5c" testName="SetNextMonthTest" computerName="IBM-F6410F" duration="00:00:00.0470859" startTime="2013-04-02T15:10:42.7031250-04:00" endTime="2013-04-02T15:10:42.7812500-04:00" testType="13cdc9d9-ddb5-4fa4-a97d-d965ccfc6d4b" outcome="Passed" testListId="8c84fa94-04c1-424b-9868-57a2d4851a1d" relativeResultsDirectory="3fb136bc-6158-4859-9d5e-0e89e9796d7d">
      <Output>
        <DebugTrace>DAO - SetNewDate()- currentDate:0001-02-01
</DebugTrace>
      </Output>
    </UnitTestResult>
    <UnitTestResult executionId="69a9f5ff-fa03-49e1-83ea-76ddbd9c6b98" testId="f16503aa-d81e-55dd-3576-dc3de13389f8" testName="GetCurrentDateTest" computerName="IBM-F6410F" duration="00:00:00.0296587" startTime="2013-04-02T15:10:42.8281250-04:00" endTime="2013-04-02T15:10:42.8750000-04:00" testType="13cdc9d9-ddb5-4fa4-a97d-d965ccfc6d4b" outcome="Passed" testListId="8c84fa94-04c1-424b-9868-57a2d4851a1d" relativeResultsDirectory="69a9f5ff-fa03-49e1-83ea-76ddbd9c6b98">
    </UnitTestResult>
    <UnitTestResult executionId="5eae0836-08da-4e8e-a27b-09abe28a5126" testId="ffac9ef0-a17e-6f5d-48c2-181fdbc2e93a" testName="SetNewDateTest" computerName="IBM-F6410F" duration="00:00:00.0203957" startTime="2013-04-02T15:10:42.9218750-04:00" endTime="2013-04-02T15:10:42.9531250-04:00" testType="13cdc9d9-ddb5-4fa4-a97d-d965ccfc6d4b" outcome="Passed" testListId="8c84fa94-04c1-424b-9868-57a2d4851a1d" relativeResultsDirectory="5eae0836-08da-4e8e-a27b-09abe28a5126">
      <Output>
        <DebugTrace>DAO - SetNewDate()- currentDate:0001-01-01
</DebugTrace>
      </Output>
    </UnitTestResult>
  </Results>
</TestRun>