<?xml version="1.0" encoding="UTF-8"?>
<TestRun id="751d528a-3190-4d83-8537-22149960a3f1" name="user1@IBM-F6410F 2013-04-02 15:07:51" runUser="IBM-F6410F\user1" xmlns="http://microsoft.com/schemas/VisualStudio/TeamTest/2010">
  <TestSettings name="Local" id="b195a5b5-b32f-4cf1-a8eb-b9abeca63056">
    <Description>Il s'agit des paramètres de test par défaut pour une série de tests locale.</Description>
    <Deployment userDeploymentRoot="C:\Documents and Settings\user1\Mes documents\Google Drive\Formation\C#__.net -- 819\Projet de session\ATRCommissions 2010\ATRCommissions\TestResults" useDefaultDeploymentRoot="false" enabled="false" runDeploymentRoot="user1_IBM-F6410F 2013-04-02 15_07_51">
      <DeploymentItem filename="C:\Documents and Settings\user1\Mes documents\Google Drive\Formation\C#__.net -- 819\Projet de session\ATRCommissions 2010\ATRCommissions\bin\Debug\ATRCommissions.exe" />
    </Deployment>
    <Execution>
      <TestTypeSpecific />
      <AgentRule name="Execution Agents">
      </AgentRule>
    </Execution>
  </TestSettings>
  <Times creation="2013-04-02T15:07:51.1250000-04:00" queuing="2013-04-02T15:07:51.2031250-04:00" start="2013-04-02T15:07:51.2968750-04:00" finish="2013-04-02T15:07:52.2187500-04:00" />
  <ResultSummary outcome="Failed">
    <Counters total="1" executed="1" error="0" failed="1" timeout="0" aborted="0" inconclusive="0" passedButRunAborted="0" notRunnable="0" notExecuted="0" disconnected="0" warning="0" passed="0" completed="0" inProgress="0" pending="0" />
    <RunInfos>
      <RunInfo computerName="IBM-F6410F" outcome="Warning" timestamp="2013-04-02T15:07:51.2031250-04:00">
        <Text>Le déploiement est actuellement désactivé. L'élément de déploiement 'ATRCommissions.exe' sur le test 'TestATRCommissions.DAOTest.SelectNatifTest' n'a pas été déployé.</Text>
      </RunInfo>
    </RunInfos>
  </ResultSummary>
  <TestDefinitions>
    <UnitTest name="SelectNatifTest" storage="c:\documents and settings\user1\mes documents\google drive\formation\c#__.net -- 819\projet de session\atrcommissions 2010\atrcommissions\testatrcommissions\bin\release\testatrcommissions.dll" id="1f0f4f37-0131-cd4a-b439-cde6ee1cca77">
      <DeploymentItems>
        <DeploymentItem filename="ATRCommissions.exe" />
      </DeploymentItems>
      <Execution id="fff3d6fc-7026-4109-be0e-6b2f2020c709" />
      <TestMethod codeBase="C:/Documents and Settings/user1/Mes documents/Google Drive/Formation/C#__.net -- 819/Projet de session/ATRCommissions 2010/ATRCommissions/TestATRCommissions/bin/Release/TestATRCommissions.DLL" adapterTypeName="Microsoft.VisualStudio.TestTools.TestTypes.Unit.UnitTestAdapter, Microsoft.VisualStudio.QualityTools.Tips.UnitTest.Adapter, Version=10.0.0.0, Culture=neutral, PublicKeyToken=b03f5f7f11d50a3a" className="TestATRCommissions.DAOTest, TestATRCommissions, Version=1.0.0.0, Culture=neutral, PublicKeyToken=null" name="SelectNatifTest" />
    </UnitTest>
  </TestDefinitions>
  <TestLists>
    <TestList name="Les résultats ne figurent pas dans une liste" id="8c84fa94-04c1-424b-9868-57a2d4851a1d" />
    <TestList name="Tous les résultats chargés" id="19431567-8539-422a-85d7-44ee4e166bda" />
  </TestLists>
  <TestEntries>
    <TestEntry testId="1f0f4f37-0131-cd4a-b439-cde6ee1cca77" executionId="fff3d6fc-7026-4109-be0e-6b2f2020c709" testListId="8c84fa94-04c1-424b-9868-57a2d4851a1d" />
  </TestEntries>
  <Results>
    <UnitTestResult executionId="fff3d6fc-7026-4109-be0e-6b2f2020c709" testId="1f0f4f37-0131-cd4a-b439-cde6ee1cca77" testName="SelectNatifTest" computerName="IBM-F6410F" duration="00:00:00.1882486" startTime="2013-04-02T15:07:51.3437500-04:00" endTime="2013-04-02T15:07:52.1406250-04:00" testType="13cdc9d9-ddb5-4fa4-a97d-d965ccfc6d4b" outcome="Failed" testListId="8c84fa94-04c1-424b-9868-57a2d4851a1d" relativeResultsDirectory="fff3d6fc-7026-4109-be0e-6b2f2020c709">
      <Output>
        <ErrorInfo>
          <Message>La méthode de test TestATRCommissions.DAOTest.SelectNatifTest a levé une exception : 
System.InvalidOperationException: Opération non valide. La connexion est fermée.</Message>
          <StackTrace>   à ATRCommissions.DAO_Accessor.SelectNatif(String query, OracleConnection connection)
   à TestATRCommissions.DAOTest.SelectNatifTest() dans C:\Documents and Settings\user1\Mes documents\Google Drive\Formation\C#__.net -- 819\Projet de session\ATRCommissions 2010\ATRCommissions\TestATRCommissions\DAOTest.cs:ligne 136
</StackTrace>
        </ErrorInfo>
      </Output>
    </UnitTestResult>
  </Results>
</TestRun>