<?xml version="1.0" encoding="UTF-8"?>
<TestRun id="d922127c-3b5b-49f0-904f-71a14c56f890" name="user1@IBM-F6410F 2013-03-20 22:25:26" runUser="IBM-F6410F\user1" xmlns="http://microsoft.com/schemas/VisualStudio/TeamTest/2010">
  <TestSettings name="Local" id="b195a5b5-b32f-4cf1-a8eb-b9abeca63056">
    <Description>Il s'agit des paramètres de test par défaut pour une série de tests locale.</Description>
    <Deployment enabled="false" runDeploymentRoot="user1_IBM-F6410F 2013-03-20 22_25_26">
      <DeploymentItem filename="C:\Documents and Settings\user1\Mes documents\Google Drive\Formation\C#__.net -- 819\Projet de session\ATRCommissions 2010\ATRCommissions\bin\Debug\ATRCommissions.exe" />
    </Deployment>
    <Execution>
      <TestTypeSpecific />
      <AgentRule name="Execution Agents">
      </AgentRule>
    </Execution>
  </TestSettings>
  <Times creation="2013-03-20T22:25:26.3750000-04:00" queuing="2013-03-20T22:25:26.5000000-04:00" start="2013-03-20T22:25:26.5468750-04:00" finish="2013-03-20T22:25:29.4687500-04:00" />
  <ResultSummary outcome="Inconclusive">
    <Counters total="1" executed="1" error="0" failed="0" timeout="0" aborted="0" inconclusive="1" passedButRunAborted="0" notRunnable="0" notExecuted="0" disconnected="0" warning="0" passed="0" completed="0" inProgress="0" pending="0" />
  </ResultSummary>
  <TestDefinitions>
    <UnitTest name="SetNextMonthTest" storage="c:\documents and settings\user1\mes documents\google drive\formation\c#__.net -- 819\projet de session\atrcommissions 2010\atrcommissions\testatrcommissions\bin\release\testatrcommissions.dll" id="cfe66615-67d6-a497-4e40-5bdfae618f5c">
      <Execution id="7418a6b1-e0de-4cda-afe0-cf1b285d4895" />
      <TestMethod codeBase="C:/Documents and Settings/user1/Mes documents/Google Drive/Formation/C#__.net -- 819/Projet de session/ATRCommissions 2010/ATRCommissions/TestATRCommissions/bin/Release/TestATRCommissions.DLL" adapterTypeName="Microsoft.VisualStudio.TestTools.TestTypes.Unit.UnitTestAdapter, Microsoft.VisualStudio.QualityTools.Tips.UnitTest.Adapter, Version=10.0.0.0, Culture=neutral, PublicKeyToken=b03f5f7f11d50a3a" className="TestATRCommissions.DAOTest, TestATRCommissions, Version=1.0.0.0, Culture=neutral, PublicKeyToken=null" name="SetNextMonthTest" />
    </UnitTest>
  </TestDefinitions>
  <TestLists>
    <TestList name="Les résultats ne figurent pas dans une liste" id="8c84fa94-04c1-424b-9868-57a2d4851a1d" />
    <TestList name="Tous les résultats chargés" id="19431567-8539-422a-85d7-44ee4e166bda" />
  </TestLists>
  <TestEntries>
    <TestEntry testId="cfe66615-67d6-a497-4e40-5bdfae618f5c" executionId="7418a6b1-e0de-4cda-afe0-cf1b285d4895" testListId="8c84fa94-04c1-424b-9868-57a2d4851a1d" />
  </TestEntries>
  <Results>
    <UnitTestResult executionId="7418a6b1-e0de-4cda-afe0-cf1b285d4895" testId="cfe66615-67d6-a497-4e40-5bdfae618f5c" testName="SetNextMonthTest" computerName="IBM-F6410F" duration="00:00:00.4409764" startTime="2013-03-20T22:25:26.5468750-04:00" endTime="2013-03-20T22:25:28.6562500-04:00" testType="13cdc9d9-ddb5-4fa4-a97d-d965ccfc6d4b" outcome="Inconclusive" testListId="8c84fa94-04c1-424b-9868-57a2d4851a1d" relativeResultsDirectory="7418a6b1-e0de-4cda-afe0-cf1b285d4895">
      <Output>
        <DebugTrace>DAO - SetNextDay()- currentDate:2013-04-01
</DebugTrace>
        <ErrorInfo>
          <Message>Échec de Assert.Inconclusive. Une méthode qui ne retourne pas une valeur ne peut pas être vérifiée.</Message>
          <StackTrace>   à TestATRCommissions.DAOTest.SetNextMonthTest() dans C:\Documents and Settings\user1\Mes documents\Google Drive\Formation\C#__.net -- 819\Projet de session\ATRCommissions 2010\ATRCommissions\TestATRCommissions\DAOTest.cs:ligne 133
</StackTrace>
        </ErrorInfo>
      </Output>
    </UnitTestResult>
  </Results>
</TestRun>